<?xml version="1.0" encoding="UTF-8"?>
<testsuite xmlns:xsi="http://www.w3.org/2001/XMLSchema-instance" xsi:noNamespaceSchemaLocation="https://maven.apache.org/surefire/maven-surefire-plugin/xsd/surefire-test-report.xsd" name="examples.users.UsersRunner" time="25.887" tests="2" errors="0" skipped="0" failures="0">
  <properties>
[...]
</properties>
  <testcase name="testUsers[1][1]" classname="examples.users.UsersRunner" time="13.631"/>
  <testcase name="testUsers[1][2]" classname="examples.users.UsersRunner" time="1.061"/>
</testsuite>